{
  "stats": {
    "suites": 1,
    "tests": 9,
    "passes": 9,
    "pending": 0,
    "failures": 0,
    "start": "2021-08-03T23:11:24.657Z",
    "end": "2021-08-03T23:14:46.431Z",
    "duration": 201774,
    "testsRegistered": 11,
    "passPercent": 81.81818181818183,
    "pendingPercent": 0,
    "other": 0,
    "hasOther": false,
    "skipped": 2,
    "hasSkipped": true
  },
  "results": [
    {
      "uuid": "5d91dd0c-3ff0-4d0f-898d-5fd3bcdeee6e",
      "title": "",
      "fullFile": "",
      "file": "",
      "beforeHooks": [],
      "afterHooks": [],
      "tests": [],
      "suites": [
        {
          "uuid": "df1b1c44-bf53-4490-bf4e-953fb60f9687",
          "title": "Business rules",
          "fullFile": "",
          "file": "",
          "beforeHooks": [
            {
              "title": "\"before all\" hook: codeceptjs.beforeSuite in \"Business rules\"",
              "fullTitle": "Business rules \"before all\" hook: codeceptjs.beforeSuite in \"Business rules\"",
              "timedOut": false,
              "duration": 2,
              "state": null,
              "speed": null,
              "pass": false,
              "fail": false,
              "pending": false,
              "context": null,
              "code": "scenario.suiteSetup(suite)",
              "err": {},
              "uuid": "7ca05eea-9374-4789-a6a1-1b93894e0b76",
              "parentUUID": "df1b1c44-bf53-4490-bf4e-953fb60f9687",
              "isHook": true,
              "skipped": false
            },
            {
              "title": "\"before each\" hook: codeceptjs.before in \"Business rules\"",
              "fullTitle": "Business rules \"before each\" hook: codeceptjs.before in \"Business rules\"",
              "timedOut": false,
              "duration": 6172,
              "state": null,
              "speed": null,
              "pass": false,
              "fail": false,
              "pending": false,
              "context": null,
              "code": "scenario.setup(suite)",
              "err": {},
              "uuid": "16484dd6-c0d8-4fec-98af-7a94739267ff",
              "parentUUID": "df1b1c44-bf53-4490-bf4e-953fb60f9687",
              "isHook": true,
              "skipped": false
            }
          ],
          "afterHooks": [
            {
              "title": "\"after all\" hook: codeceptjs.afterSuite in \"Business rules\"",
              "fullTitle": "Business rules \"after all\" hook: codeceptjs.afterSuite in \"Business rules\"",
              "timedOut": false,
              "duration": 2,
              "state": null,
              "speed": null,
              "pass": false,
              "fail": false,
              "pending": false,
              "context": null,
              "code": "scenario.suiteTeardown(suite)",
              "err": {},
              "uuid": "fdb7e208-9a2e-4fe3-80d7-d0e9fc51b156",
              "parentUUID": "df1b1c44-bf53-4490-bf4e-953fb60f9687",
              "isHook": true,
              "skipped": false
            },
            {
              "title": "\"after each\" hook: codeceptjs.after in \"Business rules\"",
              "fullTitle": "Business rules \"after each\" hook: codeceptjs.after in \"Business rules\"",
              "timedOut": false,
              "duration": 4,
              "state": null,
              "speed": null,
              "pass": false,
              "fail": false,
              "pending": false,
              "context": null,
              "code": "scenario.teardown(suite)",
              "err": {},
              "uuid": "45115e81-aa54-4fad-965a-5cfb0f588fa9",
              "parentUUID": "df1b1c44-bf53-4490-bf4e-953fb60f9687",
              "isHook": true,
              "skipped": false
            }
          ],
          "tests": [
            {
              "title": "Access the test page @important",
              "fullTitle": "Business rules Access the test page @important",
              "timedOut": false,
              "duration": 0,
              "state": null,
              "speed": null,
              "pass": false,
              "fail": false,
              "pending": false,
              "context": null,
              "code": "runSteps(child.steps)",
              "err": {},
              "uuid": "91a5bd55-f9d4-4208-b87e-efa05becfa51",
              "parentUUID": "df1b1c44-bf53-4490-bf4e-953fb60f9687",
              "isHook": false,
              "skipped": true
            },
            {
              "title": "Send the research with valid data @automated",
              "fullTitle": "Business rules Send the research with valid data @automated",
              "timedOut": false,
              "duration": 24261,
              "state": "passed",
              "speed": "slow",
              "pass": true,
              "fail": false,
              "pending": false,
              "context": null,
              "code": "runSteps(child.steps)",
              "err": {},
              "uuid": "bc272dae-26af-4b5e-aaf0-02ce6185601b",
              "parentUUID": "df1b1c44-bf53-4490-bf4e-953fb60f9687",
              "isHook": false,
              "skipped": false
            },
            {
              "title": "Send the research with empty mandatory fields {\"field\":\"Nome\"} @automated",
              "fullTitle": "Business rules Send the research with empty mandatory fields {\"field\":\"Nome\"} @automated",
              "timedOut": false,
              "duration": 15036,
              "state": "passed",
              "speed": "slow",
              "pass": true,
              "fail": false,
              "pending": false,
              "context": null,
              "code": "runSteps(addExampleInTable(exampleSteps, current)",
              "err": {},
              "uuid": "d712de1a-58a5-4249-8cbe-f6992403f046",
              "parentUUID": "df1b1c44-bf53-4490-bf4e-953fb60f9687",
              "isHook": false,
              "skipped": false
            },
            {
              "title": "Send the research with empty mandatory fields {\"field\":\"Sobrenome\"} @automated",
              "fullTitle": "Business rules Send the research with empty mandatory fields {\"field\":\"Sobrenome\"} @automated",
              "timedOut": false,
              "duration": 12307,
              "state": "passed",
              "speed": "slow",
              "pass": true,
              "fail": false,
              "pending": false,
              "context": null,
              "code": "runSteps(addExampleInTable(exampleSteps, current)",
              "err": {},
              "uuid": "5881570c-8baa-466e-a751-d9de087e29d9",
              "parentUUID": "df1b1c44-bf53-4490-bf4e-953fb60f9687",
              "isHook": false,
              "skipped": false
            },
            {
              "title": "Send the research with empty mandatory fields {\"field\":\"Email\"} @automated",
              "fullTitle": "Business rules Send the research with empty mandatory fields {\"field\":\"Email\"} @automated",
              "timedOut": false,
              "duration": 12832,
              "state": "passed",
              "speed": "slow",
              "pass": true,
              "fail": false,
              "pending": false,
              "context": null,
              "code": "runSteps(addExampleInTable(exampleSteps, current)",
              "err": {},
              "uuid": "91af1ead-59a9-4f60-893f-25ee2e4c725c",
              "parentUUID": "df1b1c44-bf53-4490-bf4e-953fb60f9687",
              "isHook": false,
              "skipped": false
            },
            {
              "title": "Send the research with empty mandatory fields {\"field\":\"Confirmar Email\"} @automated",
              "fullTitle": "Business rules Send the research with empty mandatory fields {\"field\":\"Confirmar Email\"} @automated",
              "timedOut": false,
              "duration": 13105,
              "state": "passed",
              "speed": "slow",
              "pass": true,
              "fail": false,
              "pending": false,
              "context": null,
              "code": "runSteps(addExampleInTable(exampleSteps, current)",
              "err": {},
              "uuid": "05ce6bf1-9a4c-4ffb-85f6-fcc098add4b7",
              "parentUUID": "df1b1c44-bf53-4490-bf4e-953fb60f9687",
              "isHook": false,
              "skipped": false
            },
            {
              "title": "Send the research with an invalid email address {\"email\":\"teste@.com\"} @automated",
              "fullTitle": "Business rules Send the research with an invalid email address {\"email\":\"teste@.com\"} @automated",
              "timedOut": false,
              "duration": 11741,
              "state": "passed",
              "speed": "slow",
              "pass": true,
              "fail": false,
              "pending": false,
              "context": null,
              "code": "runSteps(addExampleInTable(exampleSteps, current)",
              "err": {},
              "uuid": "d1607718-5e3e-4b02-bcf8-8a9191637784",
              "parentUUID": "df1b1c44-bf53-4490-bf4e-953fb60f9687",
              "isHook": false,
              "skipped": false
            },
            {
              "title": "Send the research with an invalid email address {\"email\":\"teste@test\"} @automated",
              "fullTitle": "Business rules Send the research with an invalid email address {\"email\":\"teste@test\"} @automated",
              "timedOut": false,
              "duration": 11649,
              "state": "passed",
              "speed": "slow",
              "pass": true,
              "fail": false,
              "pending": false,
              "context": null,
              "code": "runSteps(addExampleInTable(exampleSteps, current)",
              "err": {},
              "uuid": "c37c92bd-430c-44d2-8b1d-d2838cc189bb",
              "parentUUID": "df1b1c44-bf53-4490-bf4e-953fb60f9687",
              "isHook": false,
              "skipped": false
            },
            {
              "title": "Send the research with an invalid email address {\"email\":\"teste.gmail.com\"} @automated",
              "fullTitle": "Business rules Send the research with an invalid email address {\"email\":\"teste.gmail.com\"} @automated",
              "timedOut": false,
              "duration": 12837,
              "state": "passed",
              "speed": "slow",
              "pass": true,
              "fail": false,
              "pending": false,
              "context": null,
              "code": "runSteps(addExampleInTable(exampleSteps, current)",
              "err": {},
              "uuid": "636d991e-0ba2-4f1a-8a7c-1926543a4791",
              "parentUUID": "df1b1c44-bf53-4490-bf4e-953fb60f9687",
              "isHook": false,
              "skipped": false
            },
            {
              "title": "Send the research with different email address @automated",
              "fullTitle": "Business rules Send the research with different email address @automated",
              "timedOut": false,
              "duration": 13897,
              "state": "passed",
              "speed": "slow",
              "pass": true,
              "fail": false,
              "pending": false,
              "context": null,
              "code": "runSteps(child.steps)",
              "err": {},
              "uuid": "18d3f614-0294-4b5c-9f7e-a06a257751a7",
              "parentUUID": "df1b1c44-bf53-4490-bf4e-953fb60f9687",
              "isHook": false,
              "skipped": false
            }
          ],
          "suites": [],
          "passes": [
            "bc272dae-26af-4b5e-aaf0-02ce6185601b",
            "d712de1a-58a5-4249-8cbe-f6992403f046",
            "5881570c-8baa-466e-a751-d9de087e29d9",
            "91af1ead-59a9-4f60-893f-25ee2e4c725c",
            "05ce6bf1-9a4c-4ffb-85f6-fcc098add4b7",
            "d1607718-5e3e-4b02-bcf8-8a9191637784",
            "c37c92bd-430c-44d2-8b1d-d2838cc189bb",
            "636d991e-0ba2-4f1a-8a7c-1926543a4791",
            "18d3f614-0294-4b5c-9f7e-a06a257751a7"
          ],
          "failures": [],
          "pending": [],
          "skipped": [
            "91a5bd55-f9d4-4208-b87e-efa05becfa51"
          ],
          "duration": 127665,
          "root": false,
          "rootEmpty": false,
          "_timeout": 0
        },
        {
          "uuid": "88c12937-ac8b-48e4-9459-ccfe83af28b2",
          "title": "Answer survey",
          "fullFile": "C:\\Users\\Carlos Alexandre\\Documents\\projetos\\testCafe\\testCases\\answer_survey_test.js",
          "file": "\\testCases\\answer_survey_test.js",
          "beforeHooks": [
            {
              "title": "\"before all\" hook: codeceptjs.beforeSuite",
              "fullTitle": "Answer survey \"before all\" hook: codeceptjs.beforeSuite",
              "timedOut": false,
              "duration": 0,
              "state": null,
              "speed": null,
              "pass": false,
              "fail": false,
              "pending": false,
              "context": null,
              "code": "scenario.suiteSetup(suite)",
              "err": {},
              "uuid": "cee11cca-a789-47b4-a458-beff1cd37781",
              "parentUUID": null,
              "isHook": true,
              "skipped": false
            },
            {
              "title": "\"before each\" hook: codeceptjs.before",
              "fullTitle": "Answer survey \"before each\" hook: codeceptjs.before",
              "timedOut": false,
              "duration": 0,
              "state": null,
              "speed": null,
              "pass": false,
              "fail": false,
              "pending": false,
              "context": null,
              "code": "scenario.setup(suite)",
              "err": {},
              "uuid": "92824528-8de1-49db-a9bd-fd7ccf728b4f",
              "parentUUID": null,
              "isHook": true,
              "skipped": false
            }
          ],
          "afterHooks": [
            {
              "title": "\"after all\" hook: codeceptjs.afterSuite",
              "fullTitle": "Answer survey \"after all\" hook: codeceptjs.afterSuite",
              "timedOut": false,
              "duration": 0,
              "state": null,
              "speed": null,
              "pass": false,
              "fail": false,
              "pending": false,
              "context": null,
              "code": "scenario.suiteTeardown(suite)",
              "err": {},
              "uuid": "2968fd76-b107-471e-9c28-741fff9baef4",
              "parentUUID": null,
              "isHook": true,
              "skipped": false
            },
            {
              "title": "\"after each\" hook: finalize codeceptjs",
              "fullTitle": "Answer survey \"after each\" hook: finalize codeceptjs",
              "timedOut": false,
              "duration": 0,
              "state": null,
              "speed": null,
              "pass": false,
              "fail": false,
              "pending": false,
              "context": null,
              "code": "scenario.teardown(suite)",
              "err": {},
              "uuid": "9ffdc26b-46c7-4e62-bf2e-c9ea538347c3",
              "parentUUID": null,
              "isHook": true,
              "skipped": false
            }
          ],
          "tests": [
            {
              "title": "Send the survey",
              "fullTitle": "Answer survey: Send the survey",
              "timedOut": false,
              "duration": 0,
              "state": null,
              "speed": null,
              "pass": false,
              "fail": false,
              "pending": false,
              "context": null,
              "code": "I }) => {\n    I.amOnPage('/');\n    I.click('a[href=\"https://avaliacao.dextra.tech/pesquisa/\"]');",
              "err": {},
              "uuid": "2c826916-3ed9-4809-9a6d-95cd53666287",
              "parentUUID": null,
              "isHook": false,
              "skipped": true
            }
          ],
          "suites": [],
          "passes": [],
          "failures": [],
          "pending": [],
          "skipped": [
            "2c826916-3ed9-4809-9a6d-95cd53666287"
          ],
          "duration": 0,
          "root": false,
          "rootEmpty": false,
          "_timeout": 0
        }
      ],
      "passes": [],
      "failures": [],
      "pending": [],
      "skipped": [],
      "duration": 0,
      "root": true,
      "rootEmpty": true,
      "_timeout": 0
    }
  ],
  "meta": {
    "mocha": {
      "version": "8.1.3"
    },
    "mochawesome": {
      "options": {
        "quiet": false,
        "reportFilename": "mochawesome",
        "saveHtml": true,
        "saveJson": true,
        "consoleReporter": "spec",
        "useInlineDiffs": false,
        "code": true
      },
      "version": "6.2.2"
    },
    "marge": {
      "options": {
        "reportDir": "report"
      },
      "version": "5.2.0"
    }
  }
}