{
  "stats": {
    "suites": 1,
    "tests": 9,
    "passes": 9,
    "pending": 0,
    "failures": 0,
    "start": "2021-08-05T23:26:38.995Z",
    "end": "2021-08-05T23:29:37.073Z",
    "duration": 178078,
    "testsRegistered": 11,
    "passPercent": 81.81818181818183,
    "pendingPercent": 0,
    "other": 0,
    "hasOther": false,
    "skipped": 2,
    "hasSkipped": true
  },
  "results": [
    {
      "uuid": "30e21113-eb88-4bde-ac65-7c99ab39d2d0",
      "title": "",
      "fullFile": "",
      "file": "",
      "beforeHooks": [],
      "afterHooks": [],
      "tests": [],
      "suites": [
        {
          "uuid": "89a44afb-9634-4d41-8b9c-991873abd595",
          "title": "Business rules",
          "fullFile": "",
          "file": "",
          "beforeHooks": [
            {
              "title": "\"before all\" hook: codeceptjs.beforeSuite in \"Business rules\"",
              "fullTitle": "Business rules \"before all\" hook: codeceptjs.beforeSuite in \"Business rules\"",
              "timedOut": false,
              "duration": 10,
              "state": null,
              "speed": null,
              "pass": false,
              "fail": false,
              "pending": false,
              "context": null,
              "code": "scenario.suiteSetup(suite)",
              "err": {},
              "uuid": "fb60ebe5-3874-492a-ab54-3550f4096631",
              "parentUUID": "89a44afb-9634-4d41-8b9c-991873abd595",
              "isHook": true,
              "skipped": false
            },
            {
              "title": "\"before each\" hook: codeceptjs.before in \"Business rules\"",
              "fullTitle": "Business rules \"before each\" hook: codeceptjs.before in \"Business rules\"",
              "timedOut": false,
              "duration": 1915,
              "state": null,
              "speed": null,
              "pass": false,
              "fail": false,
              "pending": false,
              "context": null,
              "code": "scenario.setup(suite)",
              "err": {},
              "uuid": "38603f53-5622-4722-a2de-e7052c0dc0ab",
              "parentUUID": "89a44afb-9634-4d41-8b9c-991873abd595",
              "isHook": true,
              "skipped": false
            }
          ],
          "afterHooks": [
            {
              "title": "\"after all\" hook: codeceptjs.afterSuite in \"Business rules\"",
              "fullTitle": "Business rules \"after all\" hook: codeceptjs.afterSuite in \"Business rules\"",
              "timedOut": false,
              "duration": 1,
              "state": null,
              "speed": null,
              "pass": false,
              "fail": false,
              "pending": false,
              "context": null,
              "code": "scenario.suiteTeardown(suite)",
              "err": {},
              "uuid": "244f9429-d723-4532-9ee6-b4d9baf79dd8",
              "parentUUID": "89a44afb-9634-4d41-8b9c-991873abd595",
              "isHook": true,
              "skipped": false
            },
            {
              "title": "\"after each\" hook: codeceptjs.after in \"Business rules\"",
              "fullTitle": "Business rules \"after each\" hook: codeceptjs.after in \"Business rules\"",
              "timedOut": false,
              "duration": 6,
              "state": null,
              "speed": null,
              "pass": false,
              "fail": false,
              "pending": false,
              "context": null,
              "code": "scenario.teardown(suite)",
              "err": {},
              "uuid": "ee369b2a-adda-4e15-b54a-30827b305493",
              "parentUUID": "89a44afb-9634-4d41-8b9c-991873abd595",
              "isHook": true,
              "skipped": false
            }
          ],
          "tests": [
            {
              "title": "Access the test page @important",
              "fullTitle": "Business rules Access the test page @important",
              "timedOut": false,
              "duration": 0,
              "state": null,
              "speed": null,
              "pass": false,
              "fail": false,
              "pending": false,
              "context": null,
              "code": "runSteps(child.steps)",
              "err": {},
              "uuid": "d7d3d91f-3b40-48b3-ba6c-47b2b0f786be",
              "parentUUID": "89a44afb-9634-4d41-8b9c-991873abd595",
              "isHook": false,
              "skipped": true
            },
            {
              "title": "Send the research with valid data @automated",
              "fullTitle": "Business rules Send the research with valid data @automated",
              "timedOut": false,
              "duration": 18289,
              "state": "passed",
              "speed": "slow",
              "pass": true,
              "fail": false,
              "pending": false,
              "context": null,
              "code": "runSteps(child.steps)",
              "err": {},
              "uuid": "21999bec-0f73-412d-ad90-59076316ac20",
              "parentUUID": "89a44afb-9634-4d41-8b9c-991873abd595",
              "isHook": false,
              "skipped": false
            },
            {
              "title": "Send the research with empty mandatory fields {\"field\":\"Nome\"} @automated",
              "fullTitle": "Business rules Send the research with empty mandatory fields {\"field\":\"Nome\"} @automated",
              "timedOut": false,
              "duration": 17507,
              "state": "passed",
              "speed": "slow",
              "pass": true,
              "fail": false,
              "pending": false,
              "context": null,
              "code": "runSteps(addExampleInTable(exampleSteps, current)",
              "err": {},
              "uuid": "dff81741-31d2-4daa-af6f-328aded99323",
              "parentUUID": "89a44afb-9634-4d41-8b9c-991873abd595",
              "isHook": false,
              "skipped": false
            },
            {
              "title": "Send the research with empty mandatory fields {\"field\":\"Sobrenome\"} @automated",
              "fullTitle": "Business rules Send the research with empty mandatory fields {\"field\":\"Sobrenome\"} @automated",
              "timedOut": false,
              "duration": 16615,
              "state": "passed",
              "speed": "slow",
              "pass": true,
              "fail": false,
              "pending": false,
              "context": null,
              "code": "runSteps(addExampleInTable(exampleSteps, current)",
              "err": {},
              "uuid": "44530fd3-4c2b-4cec-b19a-1a67826d33da",
              "parentUUID": "89a44afb-9634-4d41-8b9c-991873abd595",
              "isHook": false,
              "skipped": false
            },
            {
              "title": "Send the research with empty mandatory fields {\"field\":\"Email\"} @automated",
              "fullTitle": "Business rules Send the research with empty mandatory fields {\"field\":\"Email\"} @automated",
              "timedOut": false,
              "duration": 15137,
              "state": "passed",
              "speed": "slow",
              "pass": true,
              "fail": false,
              "pending": false,
              "context": null,
              "code": "runSteps(addExampleInTable(exampleSteps, current)",
              "err": {},
              "uuid": "b0d83728-41ae-4c88-82ce-79872d256b06",
              "parentUUID": "89a44afb-9634-4d41-8b9c-991873abd595",
              "isHook": false,
              "skipped": false
            },
            {
              "title": "Send the research with empty mandatory fields {\"field\":\"Confirmar Email\"} @automated",
              "fullTitle": "Business rules Send the research with empty mandatory fields {\"field\":\"Confirmar Email\"} @automated",
              "timedOut": false,
              "duration": 16159,
              "state": "passed",
              "speed": "slow",
              "pass": true,
              "fail": false,
              "pending": false,
              "context": null,
              "code": "runSteps(addExampleInTable(exampleSteps, current)",
              "err": {},
              "uuid": "c2e37555-123d-4516-9971-d6ffbc6007e0",
              "parentUUID": "89a44afb-9634-4d41-8b9c-991873abd595",
              "isHook": false,
              "skipped": false
            },
            {
              "title": "Send the research with an invalid email address {\"email\":\"teste@.com\"} @automated",
              "fullTitle": "Business rules Send the research with an invalid email address {\"email\":\"teste@.com\"} @automated",
              "timedOut": false,
              "duration": 18847,
              "state": "passed",
              "speed": "slow",
              "pass": true,
              "fail": false,
              "pending": false,
              "context": null,
              "code": "runSteps(addExampleInTable(exampleSteps, current)",
              "err": {},
              "uuid": "b563215b-bcd4-4501-9812-671781eeeb77",
              "parentUUID": "89a44afb-9634-4d41-8b9c-991873abd595",
              "isHook": false,
              "skipped": false
            },
            {
              "title": "Send the research with an invalid email address {\"email\":\"teste@test\"} @automated",
              "fullTitle": "Business rules Send the research with an invalid email address {\"email\":\"teste@test\"} @automated",
              "timedOut": false,
              "duration": 14687,
              "state": "passed",
              "speed": "slow",
              "pass": true,
              "fail": false,
              "pending": false,
              "context": null,
              "code": "runSteps(addExampleInTable(exampleSteps, current)",
              "err": {},
              "uuid": "82d42365-a856-4bfa-b076-01581f0ec8e2",
              "parentUUID": "89a44afb-9634-4d41-8b9c-991873abd595",
              "isHook": false,
              "skipped": false
            },
            {
              "title": "Send the research with an invalid email address {\"email\":\"teste.gmail.com\"} @automated",
              "fullTitle": "Business rules Send the research with an invalid email address {\"email\":\"teste.gmail.com\"} @automated",
              "timedOut": false,
              "duration": 15452,
              "state": "passed",
              "speed": "slow",
              "pass": true,
              "fail": false,
              "pending": false,
              "context": null,
              "code": "runSteps(addExampleInTable(exampleSteps, current)",
              "err": {},
              "uuid": "28419544-68a9-402f-8194-ac60df306257",
              "parentUUID": "89a44afb-9634-4d41-8b9c-991873abd595",
              "isHook": false,
              "skipped": false
            },
            {
              "title": "Send the research with different email address @automated",
              "fullTitle": "Business rules Send the research with different email address @automated",
              "timedOut": false,
              "duration": 17631,
              "state": "passed",
              "speed": "slow",
              "pass": true,
              "fail": false,
              "pending": false,
              "context": null,
              "code": "runSteps(child.steps)",
              "err": {},
              "uuid": "94e2852f-c7b3-405f-b40b-e1fe279fd131",
              "parentUUID": "89a44afb-9634-4d41-8b9c-991873abd595",
              "isHook": false,
              "skipped": false
            }
          ],
          "suites": [],
          "passes": [
            "21999bec-0f73-412d-ad90-59076316ac20",
            "dff81741-31d2-4daa-af6f-328aded99323",
            "44530fd3-4c2b-4cec-b19a-1a67826d33da",
            "b0d83728-41ae-4c88-82ce-79872d256b06",
            "c2e37555-123d-4516-9971-d6ffbc6007e0",
            "b563215b-bcd4-4501-9812-671781eeeb77",
            "82d42365-a856-4bfa-b076-01581f0ec8e2",
            "28419544-68a9-402f-8194-ac60df306257",
            "94e2852f-c7b3-405f-b40b-e1fe279fd131"
          ],
          "failures": [],
          "pending": [],
          "skipped": [
            "d7d3d91f-3b40-48b3-ba6c-47b2b0f786be"
          ],
          "duration": 150324,
          "root": false,
          "rootEmpty": false,
          "_timeout": 0
        },
        {
          "uuid": "c3f1081b-b2af-4a59-b1ed-8f7ee96077df",
          "title": "Answer survey",
          "fullFile": "C:\\Users\\Carlos Alexandre\\Documents\\projetos\\testCafe\\testCases\\answer_survey_test.js",
          "file": "\\testCases\\answer_survey_test.js",
          "beforeHooks": [
            {
              "title": "\"before all\" hook: codeceptjs.beforeSuite",
              "fullTitle": "Answer survey \"before all\" hook: codeceptjs.beforeSuite",
              "timedOut": false,
              "duration": 0,
              "state": null,
              "speed": null,
              "pass": false,
              "fail": false,
              "pending": false,
              "context": null,
              "code": "scenario.suiteSetup(suite)",
              "err": {},
              "uuid": "5181ec2c-6a21-4664-bba6-57f0f83e9d89",
              "parentUUID": null,
              "isHook": true,
              "skipped": false
            },
            {
              "title": "\"before each\" hook: codeceptjs.before",
              "fullTitle": "Answer survey \"before each\" hook: codeceptjs.before",
              "timedOut": false,
              "duration": 0,
              "state": null,
              "speed": null,
              "pass": false,
              "fail": false,
              "pending": false,
              "context": null,
              "code": "scenario.setup(suite)",
              "err": {},
              "uuid": "1964ab4a-5bcf-4201-85c3-713a2343c0db",
              "parentUUID": null,
              "isHook": true,
              "skipped": false
            }
          ],
          "afterHooks": [
            {
              "title": "\"after all\" hook: codeceptjs.afterSuite",
              "fullTitle": "Answer survey \"after all\" hook: codeceptjs.afterSuite",
              "timedOut": false,
              "duration": 0,
              "state": null,
              "speed": null,
              "pass": false,
              "fail": false,
              "pending": false,
              "context": null,
              "code": "scenario.suiteTeardown(suite)",
              "err": {},
              "uuid": "9d73bb23-78b4-4124-b1c9-45cd7f0734da",
              "parentUUID": null,
              "isHook": true,
              "skipped": false
            },
            {
              "title": "\"after each\" hook: finalize codeceptjs",
              "fullTitle": "Answer survey \"after each\" hook: finalize codeceptjs",
              "timedOut": false,
              "duration": 0,
              "state": null,
              "speed": null,
              "pass": false,
              "fail": false,
              "pending": false,
              "context": null,
              "code": "scenario.teardown(suite)",
              "err": {},
              "uuid": "da22a9de-9b14-4a28-9ad3-ca7ee8b8f366",
              "parentUUID": null,
              "isHook": true,
              "skipped": false
            }
          ],
          "tests": [
            {
              "title": "Send the survey",
              "fullTitle": "Answer survey: Send the survey",
              "timedOut": false,
              "duration": 0,
              "state": null,
              "speed": null,
              "pass": false,
              "fail": false,
              "pending": false,
              "context": null,
              "code": "I }) => {\n    I.amOnPage('/');\n    I.click('a[href=\"https://avaliacao.dextra.tech/pesquisa/\"]');",
              "err": {},
              "uuid": "be5a80ba-4b64-4a82-9f50-2250b4aa24d9",
              "parentUUID": null,
              "isHook": false,
              "skipped": true
            }
          ],
          "suites": [],
          "passes": [],
          "failures": [],
          "pending": [],
          "skipped": [
            "be5a80ba-4b64-4a82-9f50-2250b4aa24d9"
          ],
          "duration": 0,
          "root": false,
          "rootEmpty": false,
          "_timeout": 0
        }
      ],
      "passes": [],
      "failures": [],
      "pending": [],
      "skipped": [],
      "duration": 0,
      "root": true,
      "rootEmpty": true,
      "_timeout": 0
    }
  ],
  "meta": {
    "mocha": {
      "version": "8.1.3"
    },
    "mochawesome": {
      "options": {
        "quiet": false,
        "reportFilename": "mochawesome",
        "saveHtml": true,
        "saveJson": true,
        "consoleReporter": "spec",
        "useInlineDiffs": false,
        "code": true
      },
      "version": "6.2.2"
    },
    "marge": {
      "options": {
        "reportDir": "report"
      },
      "version": "5.2.0"
    }
  }
}